ZX16 Assembler Listing
==================================================

   1      # Test 03: logic, shifts and comparisons
   2      # Both register shifts and immediate shifts are tested.
   3      
   4      .text
   5      
   6      start:
   7          li16 a0, title
   8          ecall 0x012
   9      
  10          # Register logic operations.
  11          li16 x3, 0x0F0F
  12          li16 x4, 0x00F0
  13          or x3, x4
  14          li16 x4, 0x0FFF
  15          beq x3, x4, or_ok
  16          j logic_fail
  17      or_ok:
  18          li16 x3, 0xF0FF
  19          li16 x4, 0x0FF0
  20          and x3, x4
  21          li16 x4, 0x00F0
  22          beq x3, x4, and_ok
  23          j logic_fail
  24      and_ok:
  25          li16 x3, 0xAAAA
  26          li16 x4, 0x0F0F
  27          xor x3, x4
  28          li16 x4, 0xA5A5
  29          beq x3, x4, logic_ok
  30          j logic_fail
  31      logic_ok:
  32          li16 a0, logic_pass
  33          ecall 0x012
  34      
  35          # Register shifts use the low four bits of the second register.
  36          li x3, 1
  37          li x4, 15
  38          sll x3, x4
  39          li16 x5, 0x8000
  40          beq x3, x5, sll_ok
  41          j register_shift_fail
  42      sll_ok:
  43          li16 x3, 0x8000
  44          srl x3, x4
  45          li x5, 1
  46          beq x3, x5, srl_ok
  47          j register_shift_fail
  48      srl_ok:
  49          li16 x3, 0x8000
  50          sra x3, x4
  51          li16 x5, 0xFFFF
  52          beq x3, x5, register_shift_ok
  53          j register_shift_fail
  54      register_shift_ok:
  55          li16 a0, register_shift_pass
  56          ecall 0x012
  57      
  58          # Immediate shifts use an amount from 0 to 15.
  59          li x3, 1
  60          slli x3, 4
  61          li x4, 16
  62          beq x3, x4, slli_ok
  63          j immediate_shift_fail
  64      slli_ok:
  65          li16 x3, 0x8000
  66          srli x3, 15
  67          li x4, 1
  68          beq x3, x4, srli_ok
  69          j immediate_shift_fail
  70      srli_ok:
  71          li16 x3, 0x8000
  72          srai x3, 15
  73          li16 x4, 0xFFFF
  74          beq x3, x4, immediate_shift_ok
  75          j immediate_shift_fail
  76      immediate_shift_ok:
  77          li16 a0, immediate_shift_pass
  78          ecall 0x012
  79      
  80          # -1 is less than 1 when signed, but not when unsigned.
  81          li16 x3, 0xFFFF
  82          li x4, 1
  83          slt x3, x4
  84          li x5, 1
  85          beq x3, x5, slt_ok
  86          j compare_fail
  87      slt_ok:
  88          li16 x3, 0xFFFF
  89          sltu x3, x4
  90          li x5, 0
  91          beq x3, x5, compare_ok
  92          j compare_fail
  93      compare_ok:
  94          li16 a0, compare_pass
  95          ecall 0x012
  96      
  97          li16 a0, all_pass
  98          ecall 0x012
  99          ecall 0x3FF
 100      
 101      logic_fail:
 102          li16 a0, logic_bad
 103          ecall 0x012
 104          ecall 0x3FF
 105      register_shift_fail:
 106          li16 a0, register_shift_bad
 107          ecall 0x012
 108          ecall 0x3FF
 109      immediate_shift_fail:
 110          li16 a0, immediate_shift_bad
 111          ecall 0x012
 112          ecall 0x3FF
 113      compare_fail:
 114          li16 a0, compare_bad
 115          ecall 0x012
 116          ecall 0x3FF
 117      
 118      .data
 119      title:                 .string "TEST 03 - LOGIC SHIFT AND COMPARE\n"
 120      logic_pass:            .string "OR AND XOR: PASS\n"
 121      register_shift_pass:   .string "SLL SRL SRA: PASS\n"
 122      immediate_shift_pass:  .string "SLLI SRLI SRAI: PASS\n"
 123      compare_pass:          .string "SLT AND SLTU: PASS\n"
 124      all_pass:              .string "TEST 03 RESULT: PASS\n"
 125      logic_bad:             .string "TEST 03 RESULT: FAIL AT LOGIC\n"
 126      register_shift_bad:    .string "TEST 03 RESULT: FAIL AT REGISTER SHIFT\n"
 127      immediate_shift_bad:   .string "TEST 03 RESULT: FAIL AT IMMEDIATE SHIFT\n"
 128      compare_bad:           .string "TEST 03 RESULT: FAIL AT COMPARISON\n"

Symbol Table:
------------------------------
A0                   = 0x0006  (global)
A1                   = 0x0007  (global)
CODE_START           = 0x0020  (global)
MEM_SIZE             = 0x10000  (global)
MMIO_BASE            = 0xF000  (global)
RA                   = 0x0001  (global)
RESET_VECTOR         = 0x0000  (global)
S0                   = 0x0003  (global)
S1                   = 0x0004  (global)
SP                   = 0x0002  (global)
T0                   = 0x0000  (global)
T1                   = 0x0005  (global)
all_pass             = 0x8072  (local)
and_ok               = 0x004A  (local)
compare_bad          = 0x80F8  (local)
compare_fail         = 0x00FA  (local)
compare_ok           = 0x00D4  (local)
compare_pass         = 0x805E  (local)
immediate_shift_bad  = 0x80CF  (local)
immediate_shift_fail = 0x00F2  (local)
immediate_shift_ok   = 0x00B4  (local)
immediate_shift_pass = 0x8048  (local)
logic_bad            = 0x8088  (local)
logic_fail           = 0x00E2  (local)
logic_ok             = 0x005C  (local)
logic_pass           = 0x8023  (local)
or_ok                = 0x0038  (local)
register_shift_bad   = 0x80A7  (local)
register_shift_fail  = 0x00EA  (local)
register_shift_ok    = 0x008A  (local)
register_shift_pass  = 0x8035  (local)
sll_ok               = 0x0070  (local)
slli_ok              = 0x009A  (local)
slt_ok               = 0x00C8  (local)
srl_ok               = 0x007C  (local)
srli_ok              = 0x00A6  (local)
start                = 0x0020  (local)
title                = 0x8000  (local)

Statistics:
  Code size:    226 bytes
  Data size:    284 bytes
  BSS size:     0 bytes
  Total size:   510 bytes
  Symbols:      40
  Lines:        128